warning: ignoring unsupported tag `ALLOW_UNICODE_NAMES    =' at line 13, file /home/travis/build/L0L022/SuperProjetCPP/DOXYFILE
warning: ignoring unsupported tag `MARKDOWN_SUPPORT       =' at line 47, file /home/travis/build/L0L022/SuperProjetCPP/DOXYFILE
warning: ignoring unsupported tag `AUTOLINK_SUPPORT       =' at line 48, file /home/travis/build/L0L022/SuperProjetCPP/DOXYFILE
warning: ignoring unsupported tag `EXTRACT_PACKAGE        =' at line 64, file /home/travis/build/L0L022/SuperProjetCPP/DOXYFILE
warning: ignoring unsupported tag `SHOW_GROUPED_MEMB_INC  =' at line 77, file /home/travis/build/L0L022/SuperProjetCPP/DOXYFILE
warning: ignoring unsupported tag `USE_MDFILE_AS_MAINPAGE =' at line 168, file /home/travis/build/L0L022/SuperProjetCPP/DOXYFILE
warning: ignoring unsupported tag `SOURCE_TOOLTIPS        =' at line 178, file /home/travis/build/L0L022/SuperProjetCPP/DOXYFILE
warning: ignoring unsupported tag `CLANG_ASSISTED_PARSING =' at line 181, file /home/travis/build/L0L022/SuperProjetCPP/DOXYFILE
warning: ignoring unsupported tag `CLANG_OPTIONS          =' at line 182, file /home/travis/build/L0L022/SuperProjetCPP/DOXYFILE
warning: ignoring unsupported tag `HTML_EXTRA_STYLESHEET  =' at line 198, file /home/travis/build/L0L022/SuperProjetCPP/DOXYFILE
warning: ignoring unsupported tag `HTML_INDEX_NUM_ENTRIES =' at line 205, file /home/travis/build/L0L022/SuperProjetCPP/DOXYFILE
warning: ignoring unsupported tag `MATHJAX_FORMAT         =' at line 236, file /home/travis/build/L0L022/SuperProjetCPP/DOXYFILE
warning: ignoring unsupported tag `MATHJAX_CODEFILE       =' at line 239, file /home/travis/build/L0L022/SuperProjetCPP/DOXYFILE
warning: ignoring unsupported tag `EXTERNAL_SEARCH        =' at line 242, file /home/travis/build/L0L022/SuperProjetCPP/DOXYFILE
warning: ignoring unsupported tag `SEARCHENGINE_URL       =' at line 243, file /home/travis/build/L0L022/SuperProjetCPP/DOXYFILE
warning: ignoring unsupported tag `SEARCHDATA_FILE        =' at line 244, file /home/travis/build/L0L022/SuperProjetCPP/DOXYFILE
warning: ignoring unsupported tag `EXTERNAL_SEARCH_ID     =' at line 245, file /home/travis/build/L0L022/SuperProjetCPP/DOXYFILE
warning: ignoring unsupported tag `EXTRA_SEARCH_MAPPINGS  =' at line 246, file /home/travis/build/L0L022/SuperProjetCPP/DOXYFILE
warning: ignoring unsupported tag `LATEX_EXTRA_FILES      =' at line 259, file /home/travis/build/L0L022/SuperProjetCPP/DOXYFILE
warning: ignoring unsupported tag `MAN_SUBDIR             =' at line 281, file /home/travis/build/L0L022/SuperProjetCPP/DOXYFILE
warning: ignoring unsupported tag `GENERATE_DOCBOOK       =' at line 292, file /home/travis/build/L0L022/SuperProjetCPP/DOXYFILE
warning: ignoring unsupported tag `DOCBOOK_OUTPUT         =' at line 293, file /home/travis/build/L0L022/SuperProjetCPP/DOXYFILE
warning: ignoring unsupported tag `DOCBOOK_PROGRAMLISTING =' at line 294, file /home/travis/build/L0L022/SuperProjetCPP/DOXYFILE
warning: ignoring unsupported tag `EXTERNAL_PAGES         =' at line 325, file /home/travis/build/L0L022/SuperProjetCPP/DOXYFILE
warning: ignoring unsupported tag `DIA_PATH               =' at line 332, file /home/travis/build/L0L022/SuperProjetCPP/DOXYFILE
warning: ignoring unsupported tag `UML_LIMIT_NUM_FIELDS   =' at line 343, file /home/travis/build/L0L022/SuperProjetCPP/DOXYFILE
warning: ignoring unsupported tag `DIAFILE_DIRS           =' at line 356, file /home/travis/build/L0L022/SuperProjetCPP/DOXYFILE
warning: ignoring unsupported tag `PLANTUML_JAR_PATH      =' at line 357, file /home/travis/build/L0L022/SuperProjetCPP/DOXYFILE
Searching for include files...
Searching for example files...
Searching for images...
Searching for dot files...
Searching for msc files...
Searching for files to exclude
Searching for files to process...
Searching for files in directory /home/travis/build/L0L022/SuperProjetCPP
Searching for files in directory /home/travis/build/L0L022/SuperProjetCPP/.git
Searching for files in directory /home/travis/build/L0L022/SuperProjetCPP/.git/branches
Searching for files in directory /home/travis/build/L0L022/SuperProjetCPP/.git/hooks
Searching for files in directory /home/travis/build/L0L022/SuperProjetCPP/.git/info
Searching for files in directory /home/travis/build/L0L022/SuperProjetCPP/.git/logs
Searching for files in directory /home/travis/build/L0L022/SuperProjetCPP/.git/logs/refs
Searching for files in directory /home/travis/build/L0L022/SuperProjetCPP/.git/logs/refs/heads
Searching for files in directory /home/travis/build/L0L022/SuperProjetCPP/.git/logs/refs/remotes
Searching for files in directory /home/travis/build/L0L022/SuperProjetCPP/.git/logs/refs/remotes/origin
Searching for files in directory /home/travis/build/L0L022/SuperProjetCPP/.git/objects
Searching for files in directory /home/travis/build/L0L022/SuperProjetCPP/.git/objects/info
Searching for files in directory /home/travis/build/L0L022/SuperProjetCPP/.git/objects/pack
Searching for files in directory /home/travis/build/L0L022/SuperProjetCPP/.git/refs
Searching for files in directory /home/travis/build/L0L022/SuperProjetCPP/.git/refs/heads
Searching for files in directory /home/travis/build/L0L022/SuperProjetCPP/.git/refs/remotes
Searching for files in directory /home/travis/build/L0L022/SuperProjetCPP/.git/refs/remotes/origin
Searching for files in directory /home/travis/build/L0L022/SuperProjetCPP/.git/refs/tags
Searching for files in directory /home/travis/build/L0L022/SuperProjetCPP/CMakeFiles
Searching for files in directory /home/travis/build/L0L022/SuperProjetCPP/CMakeFiles/app.dir
Searching for files in directory /home/travis/build/L0L022/SuperProjetCPP/CMakeFiles/app.dir/src
Searching for files in directory /home/travis/build/L0L022/SuperProjetCPP/CMakeFiles/CMakeTmp
Searching for files in directory /home/travis/build/L0L022/SuperProjetCPP/CMakeFiles/CMakeTmp/CMakeFiles
Searching for files in directory /home/travis/build/L0L022/SuperProjetCPP/CMakeFiles/CMakeTmp/CMakeFiles/cmTryCompileExec.dir
Searching for files in directory /home/travis/build/L0L022/SuperProjetCPP/CMakeFiles/CompilerIdC
Searching for files in directory /home/travis/build/L0L022/SuperProjetCPP/CMakeFiles/CompilerIdCXX
Searching for files in directory /home/travis/build/L0L022/SuperProjetCPP/CMakeFiles/doc.dir
Searching for files in directory /home/travis/build/L0L022/SuperProjetCPP/code_docs
Searching for files in directory /home/travis/build/L0L022/SuperProjetCPP/code_docs/SuperProjetCPP
Searching for files in directory /home/travis/build/L0L022/SuperProjetCPP/code_docs/SuperProjetCPP/.git
Searching for files in directory /home/travis/build/L0L022/SuperProjetCPP/code_docs/SuperProjetCPP/.git/branches
Searching for files in directory /home/travis/build/L0L022/SuperProjetCPP/code_docs/SuperProjetCPP/.git/hooks
Searching for files in directory /home/travis/build/L0L022/SuperProjetCPP/code_docs/SuperProjetCPP/.git/info
Searching for files in directory /home/travis/build/L0L022/SuperProjetCPP/code_docs/SuperProjetCPP/.git/logs
Searching for files in directory /home/travis/build/L0L022/SuperProjetCPP/code_docs/SuperProjetCPP/.git/logs/refs
Searching for files in directory /home/travis/build/L0L022/SuperProjetCPP/code_docs/SuperProjetCPP/.git/logs/refs/heads
Searching for files in directory /home/travis/build/L0L022/SuperProjetCPP/code_docs/SuperProjetCPP/.git/logs/refs/remotes
Searching for files in directory /home/travis/build/L0L022/SuperProjetCPP/code_docs/SuperProjetCPP/.git/logs/refs/remotes/origin
Searching for files in directory /home/travis/build/L0L022/SuperProjetCPP/code_docs/SuperProjetCPP/.git/objects
Searching for files in directory /home/travis/build/L0L022/SuperProjetCPP/code_docs/SuperProjetCPP/.git/objects/info
Searching for files in directory /home/travis/build/L0L022/SuperProjetCPP/code_docs/SuperProjetCPP/.git/objects/pack
Searching for files in directory /home/travis/build/L0L022/SuperProjetCPP/code_docs/SuperProjetCPP/.git/refs
Searching for files in directory /home/travis/build/L0L022/SuperProjetCPP/code_docs/SuperProjetCPP/.git/refs/heads
Searching for files in directory /home/travis/build/L0L022/SuperProjetCPP/code_docs/SuperProjetCPP/.git/refs/remotes
Searching for files in directory /home/travis/build/L0L022/SuperProjetCPP/code_docs/SuperProjetCPP/.git/refs/remotes/origin
Searching for files in directory /home/travis/build/L0L022/SuperProjetCPP/code_docs/SuperProjetCPP/.git/refs/tags
Searching for files in directory /home/travis/build/L0L022/SuperProjetCPP/ez-lib
Searching for files in directory /home/travis/build/L0L022/SuperProjetCPP/ez-lib/CMakeFiles
Searching for files in directory /home/travis/build/L0L022/SuperProjetCPP/ez-lib/CMakeFiles/ez-lib.dir
Searching for files in directory /home/travis/build/L0L022/SuperProjetCPP/html
Searching for files in directory /home/travis/build/L0L022/SuperProjetCPP/html/search
Searching for files in directory /home/travis/build/L0L022/SuperProjetCPP/include
Searching for files in directory /home/travis/build/L0L022/SuperProjetCPP/src
Reading and parsing tag files
Preprocessing /home/travis/build/L0L022/SuperProjetCPP/CMakeFiles/CompilerIdC/CMakeCCompilerId.c...
Parsing file /home/travis/build/L0L022/SuperProjetCPP/CMakeFiles/CompilerIdC/CMakeCCompilerId.c...
Preprocessing /home/travis/build/L0L022/SuperProjetCPP/CMakeFiles/CompilerIdCXX/CMakeCXXCompilerId.cpp...
Parsing file /home/travis/build/L0L022/SuperProjetCPP/CMakeFiles/CompilerIdCXX/CMakeCXXCompilerId.cpp...
Preprocessing /home/travis/build/L0L022/SuperProjetCPP/ez-lib/ez-draw++.cpp...
Parsing file /home/travis/build/L0L022/SuperProjetCPP/ez-lib/ez-draw++.cpp...
Preprocessing /home/travis/build/L0L022/SuperProjetCPP/ez-lib/ez-draw++.hpp...
Parsing file /home/travis/build/L0L022/SuperProjetCPP/ez-lib/ez-draw++.hpp...
Preprocessing /home/travis/build/L0L022/SuperProjetCPP/html/_point_8hpp.js...
Parsing file /home/travis/build/L0L022/SuperProjetCPP/html/_point_8hpp.js...
Preprocessing /home/travis/build/L0L022/SuperProjetCPP/html/annotated.js...
Parsing file /home/travis/build/L0L022/SuperProjetCPP/html/annotated.js...
Preprocessing /home/travis/build/L0L022/SuperProjetCPP/html/class_canvas.js...
Parsing file /home/travis/build/L0L022/SuperProjetCPP/html/class_canvas.js...
Preprocessing /home/travis/build/L0L022/SuperProjetCPP/html/class_color.js...
Parsing file /home/travis/build/L0L022/SuperProjetCPP/html/class_color.js...
Preprocessing /home/travis/build/L0L022/SuperProjetCPP/html/class_e_z_draw.js...
Parsing file /home/travis/build/L0L022/SuperProjetCPP/html/class_e_z_draw.js...
Preprocessing /home/travis/build/L0L022/SuperProjetCPP/html/class_e_z_event.js...
Parsing file /home/travis/build/L0L022/SuperProjetCPP/html/class_e_z_event.js...
Preprocessing /home/travis/build/L0L022/SuperProjetCPP/html/class_e_z_pixel.js...
Parsing file /home/travis/build/L0L022/SuperProjetCPP/html/class_e_z_pixel.js...
Preprocessing /home/travis/build/L0L022/SuperProjetCPP/html/class_e_z_window.js...
Parsing file /home/travis/build/L0L022/SuperProjetCPP/html/class_e_z_window.js...
Preprocessing /home/travis/build/L0L022/SuperProjetCPP/html/class_graphics_anchor.js...
Parsing file /home/travis/build/L0L022/SuperProjetCPP/html/class_graphics_anchor.js...
Preprocessing /home/travis/build/L0L022/SuperProjetCPP/html/class_graphics_item.js...
Parsing file /home/travis/build/L0L022/SuperProjetCPP/html/class_graphics_item.js...
Preprocessing /home/travis/build/L0L022/SuperProjetCPP/html/class_graphics_point.js...
Parsing file /home/travis/build/L0L022/SuperProjetCPP/html/class_graphics_point.js...
Preprocessing /home/travis/build/L0L022/SuperProjetCPP/html/class_graphics_rectangle.js...
Parsing file /home/travis/build/L0L022/SuperProjetCPP/html/class_graphics_rectangle.js...
Preprocessing /home/travis/build/L0L022/SuperProjetCPP/html/class_graphics_text.js...
Parsing file /home/travis/build/L0L022/SuperProjetCPP/html/class_graphics_text.js...
Preprocessing /home/travis/build/L0L022/SuperProjetCPP/html/class_point.js...
Parsing file /home/travis/build/L0L022/SuperProjetCPP/html/class_point.js...
Preprocessing /home/travis/build/L0L022/SuperProjetCPP/html/class_window.js...
Parsing file /home/travis/build/L0L022/SuperProjetCPP/html/class_window.js...
Preprocessing /home/travis/build/L0L022/SuperProjetCPP/html/classfinal.js...
Parsing file /home/travis/build/L0L022/SuperProjetCPP/html/classfinal.js...
Preprocessing /home/travis/build/L0L022/SuperProjetCPP/html/ez-draw_09_09_8hpp.js...
Parsing file /home/travis/build/L0L022/SuperProjetCPP/html/ez-draw_09_09_8hpp.js...
Preprocessing /home/travis/build/L0L022/SuperProjetCPP/html/files.js...
Parsing file /home/travis/build/L0L022/SuperProjetCPP/html/files.js...
Preprocessing /home/travis/build/L0L022/SuperProjetCPP/html/hierarchy.js...
Parsing file /home/travis/build/L0L022/SuperProjetCPP/html/hierarchy.js...
Preprocessing /home/travis/build/L0L022/SuperProjetCPP/html/jquery.js...
Parsing file /home/travis/build/L0L022/SuperProjetCPP/html/jquery.js...
Preprocessing /home/travis/build/L0L022/SuperProjetCPP/html/navtree.js...
Parsing file /home/travis/build/L0L022/SuperProjetCPP/html/navtree.js...
Preprocessing /home/travis/build/L0L022/SuperProjetCPP/html/navtreeindex.js...
Parsing file /home/travis/build/L0L022/SuperProjetCPP/html/navtreeindex.js...
Preprocessing /home/travis/build/L0L022/SuperProjetCPP/html/resize.js...
Parsing file /home/travis/build/L0L022/SuperProjetCPP/html/resize.js...
Preprocessing /home/travis/build/L0L022/SuperProjetCPP/html/search/all_5f.js...
Parsing file /home/travis/build/L0L022/SuperProjetCPP/html/search/all_5f.js...
Preprocessing /home/travis/build/L0L022/SuperProjetCPP/html/search/all_61.js...
Parsing file /home/travis/build/L0L022/SuperProjetCPP/html/search/all_61.js...
Preprocessing /home/travis/build/L0L022/SuperProjetCPP/html/search/all_62.js...
Parsing file /home/travis/build/L0L022/SuperProjetCPP/html/search/all_62.js...
Preprocessing /home/travis/build/L0L022/SuperProjetCPP/html/search/all_63.js...
Parsing file /home/travis/build/L0L022/SuperProjetCPP/html/search/all_63.js...
Preprocessing /home/travis/build/L0L022/SuperProjetCPP/html/search/all_64.js...
Parsing file /home/travis/build/L0L022/SuperProjetCPP/html/search/all_64.js...
Preprocessing /home/travis/build/L0L022/SuperProjetCPP/html/search/all_65.js...
Parsing file /home/travis/build/L0L022/SuperProjetCPP/html/search/all_65.js...
Preprocessing /home/travis/build/L0L022/SuperProjetCPP/html/search/all_66.js...
Parsing file /home/travis/build/L0L022/SuperProjetCPP/html/search/all_66.js...
Preprocessing /home/travis/build/L0L022/SuperProjetCPP/html/search/all_67.js...
Parsing file /home/travis/build/L0L022/SuperProjetCPP/html/search/all_67.js...
Preprocessing /home/travis/build/L0L022/SuperProjetCPP/html/search/all_68.js...
Parsing file /home/travis/build/L0L022/SuperProjetCPP/html/search/all_68.js...
Preprocessing /home/travis/build/L0L022/SuperProjetCPP/html/search/all_69.js...
Parsing file /home/travis/build/L0L022/SuperProjetCPP/html/search/all_69.js...
Preprocessing /home/travis/build/L0L022/SuperProjetCPP/html/search/all_6a.js...
Parsing file /home/travis/build/L0L022/SuperProjetCPP/html/search/all_6a.js...
Preprocessing /home/travis/build/L0L022/SuperProjetCPP/html/search/all_6b.js...
Parsing file /home/travis/build/L0L022/SuperProjetCPP/html/search/all_6b.js...
Preprocessing /home/travis/build/L0L022/SuperProjetCPP/html/search/all_6c.js...
Parsing file /home/travis/build/L0L022/SuperProjetCPP/html/search/all_6c.js...
Preprocessing /home/travis/build/L0L022/SuperProjetCPP/html/search/all_6d.js...
Parsing file /home/travis/build/L0L022/SuperProjetCPP/html/search/all_6d.js...
Preprocessing /home/travis/build/L0L022/SuperProjetCPP/html/search/all_6e.js...
Parsing file /home/travis/build/L0L022/SuperProjetCPP/html/search/all_6e.js...
Preprocessing /home/travis/build/L0L022/SuperProjetCPP/html/search/all_6f.js...
Parsing file /home/travis/build/L0L022/SuperProjetCPP/html/search/all_6f.js...
Preprocessing /home/travis/build/L0L022/SuperProjetCPP/html/search/all_70.js...
Parsing file /home/travis/build/L0L022/SuperProjetCPP/html/search/all_70.js...
Preprocessing /home/travis/build/L0L022/SuperProjetCPP/html/search/all_71.js...
Parsing file /home/travis/build/L0L022/SuperProjetCPP/html/search/all_71.js...
Preprocessing /home/travis/build/L0L022/SuperProjetCPP/html/search/all_72.js...
Parsing file /home/travis/build/L0L022/SuperProjetCPP/html/search/all_72.js...
Preprocessing /home/travis/build/L0L022/SuperProjetCPP/html/search/all_73.js...
Parsing file /home/travis/build/L0L022/SuperProjetCPP/html/search/all_73.js...
Preprocessing /home/travis/build/L0L022/SuperProjetCPP/html/search/all_74.js...
Parsing file /home/travis/build/L0L022/SuperProjetCPP/html/search/all_74.js...
Preprocessing /home/travis/build/L0L022/SuperProjetCPP/html/search/all_75.js...
Parsing file /home/travis/build/L0L022/SuperProjetCPP/html/search/all_75.js...
Preprocessing /home/travis/build/L0L022/SuperProjetCPP/html/search/all_76.js...
Parsing file /home/travis/build/L0L022/SuperProjetCPP/html/search/all_76.js...
Preprocessing /home/travis/build/L0L022/SuperProjetCPP/html/search/all_77.js...
Parsing file /home/travis/build/L0L022/SuperProjetCPP/html/search/all_77.js...
Preprocessing /home/travis/build/L0L022/SuperProjetCPP/html/search/all_78.js...
Parsing file /home/travis/build/L0L022/SuperProjetCPP/html/search/all_78.js...
Preprocessing /home/travis/build/L0L022/SuperProjetCPP/html/search/all_79.js...
Parsing file /home/travis/build/L0L022/SuperProjetCPP/html/search/all_79.js...
Preprocessing /home/travis/build/L0L022/SuperProjetCPP/html/search/all_7a.js...
Parsing file /home/travis/build/L0L022/SuperProjetCPP/html/search/all_7a.js...
Preprocessing /home/travis/build/L0L022/SuperProjetCPP/html/search/all_7e.js...
Parsing file /home/travis/build/L0L022/SuperProjetCPP/html/search/all_7e.js...
Preprocessing /home/travis/build/L0L022/SuperProjetCPP/html/search/classes_63.js...
Parsing file /home/travis/build/L0L022/SuperProjetCPP/html/search/classes_63.js...
Preprocessing /home/travis/build/L0L022/SuperProjetCPP/html/search/classes_65.js...
Parsing file /home/travis/build/L0L022/SuperProjetCPP/html/search/classes_65.js...
Preprocessing /home/travis/build/L0L022/SuperProjetCPP/html/search/classes_66.js...
Parsing file /home/travis/build/L0L022/SuperProjetCPP/html/search/classes_66.js...
Preprocessing /home/travis/build/L0L022/SuperProjetCPP/html/search/classes_67.js...
Parsing file /home/travis/build/L0L022/SuperProjetCPP/html/search/classes_67.js...
Preprocessing /home/travis/build/L0L022/SuperProjetCPP/html/search/classes_70.js...
Parsing file /home/travis/build/L0L022/SuperProjetCPP/html/search/classes_70.js...
Preprocessing /home/travis/build/L0L022/SuperProjetCPP/html/search/classes_77.js...
Parsing file /home/travis/build/L0L022/SuperProjetCPP/html/search/classes_77.js...
Preprocessing /home/travis/build/L0L022/SuperProjetCPP/html/search/enums_65.js...
Parsing file /home/travis/build/L0L022/SuperProjetCPP/html/search/enums_65.js...
Preprocessing /home/travis/build/L0L022/SuperProjetCPP/html/search/enumvalues_5f.js...
Parsing file /home/travis/build/L0L022/SuperProjetCPP/html/search/enumvalues_5f.js...
Preprocessing /home/travis/build/L0L022/SuperProjetCPP/html/search/enumvalues_61.js...
Parsing file /home/travis/build/L0L022/SuperProjetCPP/html/search/enumvalues_61.js...
Preprocessing /home/travis/build/L0L022/SuperProjetCPP/html/search/enumvalues_62.js...
Parsing file /home/travis/build/L0L022/SuperProjetCPP/html/search/enumvalues_62.js...
Preprocessing /home/travis/build/L0L022/SuperProjetCPP/html/search/enumvalues_63.js...
Parsing file /home/travis/build/L0L022/SuperProjetCPP/html/search/enumvalues_63.js...
Preprocessing /home/travis/build/L0L022/SuperProjetCPP/html/search/enumvalues_64.js...
Parsing file /home/travis/build/L0L022/SuperProjetCPP/html/search/enumvalues_64.js...
Preprocessing /home/travis/build/L0L022/SuperProjetCPP/html/search/enumvalues_65.js...
Parsing file /home/travis/build/L0L022/SuperProjetCPP/html/search/enumvalues_65.js...
Preprocessing /home/travis/build/L0L022/SuperProjetCPP/html/search/enumvalues_66.js...
Parsing file /home/travis/build/L0L022/SuperProjetCPP/html/search/enumvalues_66.js...
Preprocessing /home/travis/build/L0L022/SuperProjetCPP/html/search/enumvalues_67.js...
Parsing file /home/travis/build/L0L022/SuperProjetCPP/html/search/enumvalues_67.js...
Preprocessing /home/travis/build/L0L022/SuperProjetCPP/html/search/enumvalues_68.js...
Parsing file /home/travis/build/L0L022/SuperProjetCPP/html/search/enumvalues_68.js...
Preprocessing /home/travis/build/L0L022/SuperProjetCPP/html/search/enumvalues_69.js...
Parsing file /home/travis/build/L0L022/SuperProjetCPP/html/search/enumvalues_69.js...
Preprocessing /home/travis/build/L0L022/SuperProjetCPP/html/search/enumvalues_6a.js...
Parsing file /home/travis/build/L0L022/SuperProjetCPP/html/search/enumvalues_6a.js...
Preprocessing /home/travis/build/L0L022/SuperProjetCPP/html/search/enumvalues_6b.js...
Parsing file /home/travis/build/L0L022/SuperProjetCPP/html/search/enumvalues_6b.js...
Preprocessing /home/travis/build/L0L022/SuperProjetCPP/html/search/enumvalues_6c.js...
Parsing file /home/travis/build/L0L022/SuperProjetCPP/html/search/enumvalues_6c.js...
Preprocessing /home/travis/build/L0L022/SuperProjetCPP/html/search/enumvalues_6d.js...
Parsing file /home/travis/build/L0L022/SuperProjetCPP/html/search/enumvalues_6d.js...
Preprocessing /home/travis/build/L0L022/SuperProjetCPP/html/search/enumvalues_6e.js...
Parsing file /home/travis/build/L0L022/SuperProjetCPP/html/search/enumvalues_6e.js...
Preprocessing /home/travis/build/L0L022/SuperProjetCPP/html/search/enumvalues_6f.js...
Parsing file /home/travis/build/L0L022/SuperProjetCPP/html/search/enumvalues_6f.js...
Preprocessing /home/travis/build/L0L022/SuperProjetCPP/html/search/enumvalues_70.js...
Parsing file /home/travis/build/L0L022/SuperProjetCPP/html/search/enumvalues_70.js...
Preprocessing /home/travis/build/L0L022/SuperProjetCPP/html/search/enumvalues_71.js...
Parsing file /home/travis/build/L0L022/SuperProjetCPP/html/search/enumvalues_71.js...
Preprocessing /home/travis/build/L0L022/SuperProjetCPP/html/search/enumvalues_72.js...
Parsing file /home/travis/build/L0L022/SuperProjetCPP/html/search/enumvalues_72.js...
Preprocessing /home/travis/build/L0L022/SuperProjetCPP/html/search/enumvalues_73.js...
Parsing file /home/travis/build/L0L022/SuperProjetCPP/html/search/enumvalues_73.js...
Preprocessing /home/travis/build/L0L022/SuperProjetCPP/html/search/enumvalues_74.js...
Parsing file /home/travis/build/L0L022/SuperProjetCPP/html/search/enumvalues_74.js...
Preprocessing /home/travis/build/L0L022/SuperProjetCPP/html/search/enumvalues_75.js...
Parsing file /home/travis/build/L0L022/SuperProjetCPP/html/search/enumvalues_75.js...
Preprocessing /home/travis/build/L0L022/SuperProjetCPP/html/search/enumvalues_76.js...
Parsing file /home/travis/build/L0L022/SuperProjetCPP/html/search/enumvalues_76.js...
Preprocessing /home/travis/build/L0L022/SuperProjetCPP/html/search/enumvalues_77.js...
Parsing file /home/travis/build/L0L022/SuperProjetCPP/html/search/enumvalues_77.js...
Preprocessing /home/travis/build/L0L022/SuperProjetCPP/html/search/enumvalues_78.js...
Parsing file /home/travis/build/L0L022/SuperProjetCPP/html/search/enumvalues_78.js...
Preprocessing /home/travis/build/L0L022/SuperProjetCPP/html/search/enumvalues_79.js...
Parsing file /home/travis/build/L0L022/SuperProjetCPP/html/search/enumvalues_79.js...
Preprocessing /home/travis/build/L0L022/SuperProjetCPP/html/search/enumvalues_7a.js...
Parsing file /home/travis/build/L0L022/SuperProjetCPP/html/search/enumvalues_7a.js...
Preprocessing /home/travis/build/L0L022/SuperProjetCPP/html/search/files_65.js...
Parsing file /home/travis/build/L0L022/SuperProjetCPP/html/search/files_65.js...
Preprocessing /home/travis/build/L0L022/SuperProjetCPP/html/search/files_70.js...
Parsing file /home/travis/build/L0L022/SuperProjetCPP/html/search/files_70.js...
Preprocessing /home/travis/build/L0L022/SuperProjetCPP/html/search/functions_62.js...
Parsing file /home/travis/build/L0L022/SuperProjetCPP/html/search/functions_62.js...
Preprocessing /home/travis/build/L0L022/SuperProjetCPP/html/search/functions_63.js...
Parsing file /home/travis/build/L0L022/SuperProjetCPP/html/search/functions_63.js...
Preprocessing /home/travis/build/L0L022/SuperProjetCPP/html/search/functions_64.js...
Parsing file /home/travis/build/L0L022/SuperProjetCPP/html/search/functions_64.js...
Preprocessing /home/travis/build/L0L022/SuperProjetCPP/html/search/functions_65.js...
Parsing file /home/travis/build/L0L022/SuperProjetCPP/html/search/functions_65.js...
Preprocessing /home/travis/build/L0L022/SuperProjetCPP/html/search/functions_66.js...
Parsing file /home/travis/build/L0L022/SuperProjetCPP/html/search/functions_66.js...
Preprocessing /home/travis/build/L0L022/SuperProjetCPP/html/search/functions_67.js...
Parsing file /home/travis/build/L0L022/SuperProjetCPP/html/search/functions_67.js...
Preprocessing /home/travis/build/L0L022/SuperProjetCPP/html/search/functions_68.js...
Parsing file /home/travis/build/L0L022/SuperProjetCPP/html/search/functions_68.js...
Preprocessing /home/travis/build/L0L022/SuperProjetCPP/html/search/functions_69.js...
Parsing file /home/travis/build/L0L022/SuperProjetCPP/html/search/functions_69.js...
Preprocessing /home/travis/build/L0L022/SuperProjetCPP/html/search/functions_6b.js...
Parsing file /home/travis/build/L0L022/SuperProjetCPP/html/search/functions_6b.js...
Preprocessing /home/travis/build/L0L022/SuperProjetCPP/html/search/functions_6c.js...
Parsing file /home/travis/build/L0L022/SuperProjetCPP/html/search/functions_6c.js...
Preprocessing /home/travis/build/L0L022/SuperProjetCPP/html/search/functions_6d.js...
Parsing file /home/travis/build/L0L022/SuperProjetCPP/html/search/functions_6d.js...
Preprocessing /home/travis/build/L0L022/SuperProjetCPP/html/search/functions_6f.js...
Parsing file /home/travis/build/L0L022/SuperProjetCPP/html/search/functions_6f.js...
Preprocessing /home/travis/build/L0L022/SuperProjetCPP/html/search/functions_70.js...
Parsing file /home/travis/build/L0L022/SuperProjetCPP/html/search/functions_70.js...
Preprocessing /home/travis/build/L0L022/SuperProjetCPP/html/search/functions_71.js...
Parsing file /home/travis/build/L0L022/SuperProjetCPP/html/search/functions_71.js...
Preprocessing /home/travis/build/L0L022/SuperProjetCPP/html/search/functions_72.js...
Parsing file /home/travis/build/L0L022/SuperProjetCPP/html/search/functions_72.js...
Preprocessing /home/travis/build/L0L022/SuperProjetCPP/html/search/functions_73.js...
Parsing file /home/travis/build/L0L022/SuperProjetCPP/html/search/functions_73.js...
Preprocessing /home/travis/build/L0L022/SuperProjetCPP/html/search/functions_74.js...
Parsing file /home/travis/build/L0L022/SuperProjetCPP/html/search/functions_74.js...
Preprocessing /home/travis/build/L0L022/SuperProjetCPP/html/search/functions_76.js...
Parsing file /home/travis/build/L0L022/SuperProjetCPP/html/search/functions_76.js...
Preprocessing /home/travis/build/L0L022/SuperProjetCPP/html/search/functions_78.js...
Parsing file /home/travis/build/L0L022/SuperProjetCPP/html/search/functions_78.js...
Preprocessing /home/travis/build/L0L022/SuperProjetCPP/html/search/functions_79.js...
Parsing file /home/travis/build/L0L022/SuperProjetCPP/html/search/functions_79.js...
Preprocessing /home/travis/build/L0L022/SuperProjetCPP/html/search/functions_7e.js...
Parsing file /home/travis/build/L0L022/SuperProjetCPP/html/search/functions_7e.js...
Preprocessing /home/travis/build/L0L022/SuperProjetCPP/html/search/search.js...
Parsing file /home/travis/build/L0L022/SuperProjetCPP/html/search/search.js...
Preprocessing /home/travis/build/L0L022/SuperProjetCPP/html/search/typedefs_65.js...
Parsing file /home/travis/build/L0L022/SuperProjetCPP/html/search/typedefs_65.js...
Preprocessing /home/travis/build/L0L022/SuperProjetCPP/html/search/variables_65.js...
Parsing file /home/travis/build/L0L022/SuperProjetCPP/html/search/variables_65.js...
Preprocessing /hom/home/travis/build/L0L022/SuperProjetCPP/include/Window.hpp:14: warning: Compound Window is not documented.
/home/travis/build/L0L022/SuperProjetCPP/include/GraphicsRectangle.hpp:7: warning: Compound GraphicsRectangle is not documented.
/home/travis/build/L0L022/SuperProjetCPP/include/Canvas.hpp:7: warning: Compound Canvas is not documented.
/home/travis/build/L0L022/SuperProjetCPP/include/GraphicsPoint.hpp:7: warning: Compound GraphicsPoint is not documented.
/home/travis/build/L0L022/SuperProjetCPP/include/Color.hpp:8: warning: Compound Color is not documented.
/home/travis/build/L0L022/SuperProjetCPP/include/GraphicsText.hpp:7: warning: Compound GraphicsText is not documented.
/home/travis/build/L0L022/SuperProjetCPP/include/GraphicsAnchor.hpp:7: warning: Compound GraphicsAnchor is not documented.
/home/travis/build/L0L022/SuperProjetCPP/include/GraphicsItem.hpp:9: warning: Compound GraphicsItem is not documented.
/home/travis/build/L0L022/SuperProjetCPP/ez-lib/ez-draw++.cpp:9099: warning: no uniquely matching class member found for 
  Document_C_source Document_C_source Private_implantation EZImage::EZImage(int w, int h)

/home/travis/build/L0L022/SuperProjetCPP/ez-lib/ez-draw++.cpp:9103: warning: no uniquely matching class member found for 
  EZImage::EZImage(const EZImage &o)

/home/travis/build/L0L022/SuperProjetCPP/ez-lib/ez-draw++.cpp:9107: warning: no uniquely matching class member found for 
  EZImage::EZImage(const char *filename)

/home/travis/build/L0L022/SuperProjetCPP/ez-lib/ez-draw++.cpp:9114: warning: no matching class member found for 
  EZImage::~EZImage()

/home/travis/build/L0L022/SuperProjetCPP/ez-lib/ez-draw++.cpp:9117: warning: no uniquely matching class member found for 
  unsigned int EZImage::getWidth() const

/home/travis/build/L0L022/SuperProjetCPP/ez-lib/ez-draw++.cpp:9120: warning: no uniquely matching class member found for 
  unsigned int EZImage::getHeight() const

/home/travis/build/L0L022/SuperProjetCPP/ez-lib/ez-draw++.cpp:9123: warning: no uniquely matching class member found for 
  void EZImage::setAlpha(bool has_alpha)

/home/travis/build/L0L022/SuperProjetCPP/ez-lib/ez-draw++.cpp:9126: warning: no uniquely matching class member found for 
  bool EZImage::getAlpha() const

/home/travis/build/L0L022/SuperProjetCPP/ez-lib/ez-draw++.cpp:9129: warning: no matching class member found for 
  void EZImage::setOpacity(int opacity)

/home/travis/build/L0L022/SuperProjetCPP/ez-lib/ez-draw++.cpp:9132: warning: no matching class member found for 
  int EZImage::getOpacity() const

/home/travis/build/L0L022/SuperProjetCPP/ez-lib/ez-draw++.cpp:9135: warning: no matching class member found for 
  EZPixel EZImage::getPixel(unsigned int x, unsigned int y)

/home/travis/build/L0L022/SuperProjetCPP/ez-lib/ez-draw++.cpp:9142: warning: no uniquely matching class member found for 
  void EZImage::paint(EZWindow &win, int x, int y) const

/home/travis/build/L0L022/SuperProjetCPP/ez-lib/ez-draw++.cpp:9145: warning: no matching class member found for 
  void EZImage::paintSubimage(EZWindow &win, int x, int y, int src_x, int src_y, int w, int h) const

/home/travis/build/L0L022/SuperProjetCPP/ez-lib/ez-draw++.cpp:9148: warning: no matching class member found for 
  void EZImage::print(int src_x, int src_y, int w, int h) const

/home/travis/build/L0L022/SuperProjetCPP/ez-lib/ez-draw++.cpp:9151: warning: no matching class member found for 
  void EZImage::fillRGBA(EZuint8 r, EZuint8 g, EZuint8 b, EZuint8 a)

/home/travis/build/L0L022/SuperProjetCPP/ez-lib/ez-draw++.cpp:9154: warning: no matching class member found for 
  void EZImage::blend(const EZImage &src, int dst_x, int dst_y)

/home/travis/build/L0L022/SuperProjetCPP/ez-lib/ez-draw++.cpp:9157: warning: no matching class member found for 
  void EZImage::blendSubimage(const EZImage &src, int dst_x, int dst_y, int src_x, int src_y, int w, int h)

/home/travis/build/L0L022/SuperProjetCPP/ez-lib/ez-draw++.cpp:9160: warning: no matching class member found for 
  EZImage * EZImage::extract(int src_x, int src_y, int w, int h) const

/home/travis/build/L0L022/SuperProjetCPP/ez-lib/ez-draw++.cpp:9167: warning: no matching class member found for 
  EZImage * EZImage::scale(double factor) const

/home/travis/build/L0L022/SuperProjetCPP/ez-lib/ez-draw++.cpp:9174: warning: no matching class member found for 
  EZImage * EZImage::verticalSymmetry() const

/home/travis/build/L0L022/SuperProjetCPP/ez-lib/ez-draw++.cpp:9181: warning: no matching class member found for 
  EZImage * EZImage::horizontalSymmetry() const

/home/travis/build/L0L022/SuperProjetCPP/ez-lib/ez-draw++.cpp:9188: warning: no matching class member found for 
  EZImage * EZImage::rotate(double theta, int quality) const

/home/travis/build/L0L022/SuperProjetCPP/ez-lib/ez-draw++.cpp:9195: warning: no matching class member found for 
  void EZImage::rotatePoint(double theta, int src_x, int src_y, int &dst_x, int &dst_y)

/home/travis/build/L0L022/SuperProjetCPP/ez-lib/ez-draw++.cpp:9204: warning: no uniquely matching class member found for 
  EZPixmap::EZPixmap(const EZImage &image)

/home/travis/build/L0L022/SuperProjetCPP/ez-lib/ez-draw++.cpp:9207: warning: no matching class member found for 
  EZPixmap::~EZPixmap()

/home/travis/build/L0L022/SuperProjetCPP/ez-lib/ez-draw++.cpp:9210: warning: no uniquely matching class member found for 
  void EZPixmap::paint(EZWindow &win, int x, int y) const

/home/travis/build/L0L022/SuperProjetCPP/ez-lib/ez-draw++.cpp:9213: warning: no matching class member found for 
  void EZPixmap::tile(EZWindow &win, int x, int y, int w, int h) const

e/travis/build/L0L022/SuperProjetCPP/include/Canvas.hpp...
Parsing file /home/travis/build/L0L022/SuperProjetCPP/include/Canvas.hpp...
Preprocessing /home/travis/build/L0L022/SuperProjetCPP/include/Color.hpp...
Parsing file /home/travis/build/L0L022/SuperProjetCPP/include/Color.hpp...
Preprocessing /home/travis/build/L0L022/SuperProjetCPP/include/GraphicsAnchor.hpp...
Parsing file /home/travis/build/L0L022/SuperProjetCPP/include/GraphicsAnchor.hpp...
Preprocessing /home/travis/build/L0L022/SuperProjetCPP/include/GraphicsItem.hpp...
Parsing file /home/travis/build/L0L022/SuperProjetCPP/include/GraphicsItem.hpp...
Preprocessing /home/travis/build/L0L022/SuperProjetCPP/include/GraphicsPoint.hpp...
Parsing file /home/travis/build/L0L022/SuperProjetCPP/include/GraphicsPoint.hpp...
Preprocessing /home/travis/build/L0L022/SuperProjetCPP/include/GraphicsRectangle.hpp...
Parsing file /home/travis/build/L0L022/SuperProjetCPP/include/GraphicsRectangle.hpp...
Preprocessing /home/travis/build/L0L022/SuperProjetCPP/include/GraphicsText.hpp...
Parsing file /home/travis/build/L0L022/SuperProjetCPP/include/GraphicsText.hpp...
Preprocessing /home/travis/build/L0L022/SuperProjetCPP/include/Point.hpp...
Parsing file /home/travis/build/L0L022/SuperProjetCPP/include/Point.hpp...
Preprocessing /home/travis/build/L0L022/SuperProjetCPP/include/Window.hpp...
Parsing file /home/travis/build/L0L022/SuperProjetCPP/include/Window.hpp...
Preprocessing /home/travis/build/L0L022/SuperProjetCPP/README.md...
Parsing file /home/travis/build/L0L022/SuperProjetCPP/README.md...
Preprocessing /home/travis/build/L0L022/SuperProjetCPP/src/Canvas.cpp...
Parsing file /home/travis/build/L0L022/SuperProjetCPP/src/Canvas.cpp...
Preprocessing /home/travis/build/L0L022/SuperProjetCPP/src/Color.cpp...
Parsing file /home/travis/build/L0L022/SuperProjetCPP/src/Color.cpp...
Preprocessing /home/travis/build/L0L022/SuperProjetCPP/src/GraphicsAnchor.cpp...
Parsing file /home/travis/build/L0L022/SuperProjetCPP/src/GraphicsAnchor.cpp...
Preprocessing /home/travis/build/L0L022/SuperProjetCPP/src/GraphicsItem.cpp...
Parsing file /home/travis/build/L0L022/SuperProjetCPP/src/GraphicsItem.cpp...
Preprocessing /home/travis/build/L0L022/SuperProjetCPP/src/GraphicsPoint.cpp...
Parsing file /home/travis/build/L0L022/SuperProjetCPP/src/GraphicsPoint.cpp...
Preprocessing /home/travis/build/L0L022/SuperProjetCPP/src/GraphicsRectangle.cpp...
Parsing file /home/travis/build/L0L022/SuperProjetCPP/src/GraphicsRectangle.cpp...
Preprocessing /home/travis/build/L0L022/SuperProjetCPP/src/GraphicsText.cpp...
Parsing file /home/travis/build/L0L022/SuperProjetCPP/src/GraphicsText.cpp...
Preprocessing /home/travis/build/L0L022/SuperProjetCPP/src/main.cpp...
Parsing file /home/travis/build/L0L022/SuperProjetCPP/src/main.cpp...
Preprocessing /home/travis/build/L0L022/SuperProjetCPP/src/Point.cpp...
Parsing file /home/travis/build/L0L022/SuperProjetCPP/src/Point.cpp...
Building group list...
Building directory list...
Building namespace list...
Building file list...
Building class list...
Associating documentation with classes...
Computing nesting relations for classes...
Building example list...
Searching for enumerations...
Searching for documented typedefs...
Searching for members imported via using declarations...
Searching for included using directives...
Searching for documented variables...
Building member list...
Searching for friends...
Searching for documented defines...
Computing class inheritance relations...
Computing class usage relations...
Flushing cached template relations that have become invalid...
Creating members for template instances...
Computing class relations...
Add enum values to enums...
Searching for member function documentation...
Building page list...
Search for main page...
Computing page relations...
Determining the scope of groups...
Sorting lists...
Freeing entry tree
Determining which enums are documented
Computing member relations...
Building full member lists recursively...
Adding members to member groups.
Computing member references...
Inheriting documentation...
G/home/travis/build/L0L022/SuperProjetCPP/include/Point.hpp:125: warning: Member operator+(const Point &p, const int number) (function) of file Point.hpp is not documented.
/home/travis/build/L0L022/SuperProjetCPP/include/Point.hpp:127: warning: argument 'number' of command @param is not found in the argument list of operator-(const Point &l, const Point &r)
/home/travis/build/L0L022/SuperProjetCPP/include/Point.hpp:127: warning: The following parameters of operator-(const Point &l, const Point &r) are not documented:
  parameter 'r'
/home/travis/build/L0L022/SuperProjetCPP/include/Point.hpp:139: warning: argument 'l' of command @param is not found in the argument list of operator-(const Point &p, const int number)
/home/travis/build/L0L022/SuperProjetCPP/include/Point.hpp:139: warning: argument 'r' of command @param is not found in the argument list of operator-(const Point &p, const int number)
/home/travis/build/L0L022/SuperProjetCPP/include/Point.hpp:139: warning: The following parameters of operator-(const Point &p, const int number) are not documented:
  parameter 'p'
  parameter 'number'
/home/travis/build/L0L022/SuperProjetCPP/include/Point.hpp:163: warning: argument 'os' of command @param is not found in the argument list of operator<(const Point &l, const Point &r)
/home/travis/build/L0L022/SuperProjetCPP/include/Point.hpp:163: warning: The following parameters of operator<(const Point &l, const Point &r) are not documented:
  parameter 'l'
/home/travis/build/L0L022/SuperProjetCPP/include/Point.hpp:151: warning: argument 'l' of command @param is not found in the argument list of operator<<(std::ostream &os, const Point &p)
/home/travis/build/L0L022/SuperProjetCPP/include/Point.hpp:151: warning: argument 'r' of command @param is not found in the argument list of operator<<(std::ostream &os, const Point &p)
/home/travis/build/L0L022/SuperProjetCPP/include/Point.hpp:151: warning: The following parameters of operator<<(std::ostream &os, const Point &p) are not documented:
  parameter 'os'
  parameter 'p'
/home/travis/build/L0L022/SuperProjetCPP/include/Canvas.hpp:9: warning: Member Canvas(EZWindow &window) (function) of class Canvas is not documented.
/home/travis/build/L0L022/SuperProjetCPP/include/Canvas.hpp:11: warning: Member width() const  (function) of class Canvas is not documented.
/home/travis/build/L0L022/SuperProjetCPP/include/Canvas.hpp:15: warning: Member height() const  (function) of class Canvas is not documented.
/home/travis/build/L0L022/SuperProjetCPP/include/Canvas.hpp:19: warning: Member clear() const  (function) of class Canvas is not documented.
/home/travis/build/L0L022/SuperProjetCPP/include/Canvas.hpp:23: warning: Member setColor(const EZColor color) (function) of class Canvas is not documented.
/home/travis/build/L0L022/SuperProjetCPP/include/Canvas.hpp:27: warning: Member setThick(const unsigned int thick=1) (function) of class Canvas is not documented.
/home/travis/build/L0L022/SuperProjetCPP/include/Canvas.hpp:31: warning: Member drawPoint(const int x, const int y) (function) of class Canvas is not documented.
/home/travis/build/L0L022/SuperProjetCPP/include/Canvas.hpp:35: warning: Member drawPoint(const Point &p) (function) of class Canvas is not documented.
/home/travis/build/L0L022/SuperProjetCPP/include/Canvas.hpp:39: warning: Member drawLine(const int firstX, const int firstY, const int secondX, const int secondY) (function) of class Canvas is not documented.
/home/travis/build/L0L022/SuperProjetCPP/include/Canvas.hpp:43: warning: Member drawLine(const Point &first, const Point &second) (function) of class Canvas is not documented.
/home/travis/build/L0L022/SuperProjetCPP/include/Canvas.hpp:47: warning: Member drawRectangle(const int topLeftX, const int topLeftY, const int bottomRightX, const int bottomRightY, const bool isFill=false) (function) of class Canvas is not documented.
/home/travis/build/L0L022/SuperProjetCPP/include/Canvas.hpp:49: warning: Member drawRectangle(const Point &topLeft, const Point &bottomRight, const bool isFill=false) (function) of class Canvas is not documented.
/home/travis/build/L0L022/SuperProjetCPP/include/Canvas.hpp:53: warning: Member drawCircle(const int topLeftX, const int topLeftY, const int bottomRightX, const int bottomRightY, const bool isFill=false) (function) of class Canvas is not documented.
/home/travis/build/L0L022/SuperProjetCPP/include/Canvas.hpp:55: warning: Member drawCircle(const Point &topLeft, const Point &bottomRight, const bool isFill=false) (function) of class Canvas is not documented.
/home/travis/build/L0L022/SuperProjetCPP/include/Canvas.hpp:59: warning: Member drawTriangle(const int firstX, const int firstY, const int secondX, const int secondY, const int thirdX, const int thirdY, const bool isFill=false) (function) of class Canvas is not documented.
/home/travis/build/L0L022/SuperProjetCPP/include/Canvas.hpp:61: warning: Member drawTriangle(const Point &first, const Point &second, const Point &third, const bool isFill=false) (function) of class Canvas is not documented.
/home/travis/build/L0L022/SuperProjetCPP/include/Canvas.hpp:65: warning: Member drawText(const EZAlign align, const int x, const int y, const std::string &text) (function) of class Canvas is not documented.
/home/travis/build/L0L022/SuperProjetCPP/include/Canvas.hpp:69: warning: Member drawText(const EZAlign align, const Point &pos, const std::string &text) (function) of class Canvas is not documented.
/home/travis/build/L0L022/SuperProjetCPP/include/Color.hpp:10: warning: Member Colors (enumeration) of class Color is not documented.
/home/travis/build/L0L022/SuperProjetCPP/include/Color.hpp:23: warning: Member Color(const Colors color=Black) (function) of class Color is not documented.
/home/travis/build/L0L022/SuperProjetCPP/include/Color.hpp:24: warning: Member Color(const uint8_t red, const uint8_t green, const uint8_t blue) (function) of class Color is not documented.
/home/travis/build/L0L022/SuperProjetCPP/include/Color.hpp:25: warning: Member Color(const double hue, const double saturation, const double value) (function) of class Color is not documented.
/home/travis/build/L0L022/SuperProjetCPP/include/Color.hpp:26: warning: Member Color(const ulong grey) (function) of class Color is not documented.
/home/travis/build/L0L022/SuperProjetCPP/include/Color.hpp:28: warning: Member red() const  (function) of class Color is not documented.
/home/travis/build/L0L022/SuperProjetCPP/include/Color.hpp:32: warning: Member setRed(const uint8_t red) (function) of class Color is not documented.
/home/travis/build/L0L022/SuperProjetCPP/include/Color.hpp:34: warning: Member green() const  (function) of class Color is not documented.
/home/travis/build/L0L022/SuperProjetCPP/include/Color.hpp:38: warning: Member setGreen(const uint8_t green) (function) of class Color is not documented.
/home/travis/build/L0L022/SuperProjetCPP/include/Color.hpp:40: warning: Member blue() const  (function) of class Color is not documented.
/home/travis/build/L0L022/SuperProjetCPP/include/Color.hpp:44: warning: Member setBlue(const uint8_t blue) (function) of class Color is not documented.
/home/travis/build/L0L022/SuperProjetCPP/include/Color.hpp:46: warning: Member hue() const  (function) of class Color is not documented.
/home/travis/build/L0L022/SuperProjetCPP/include/Color.hpp:48: warning: Member setHue(const double hue) (function) of class Color is not documented.
/home/travis/build/L0L022/SuperProjetCPP/include/Color.hpp:52: warning: Member saturation() const  (function) of class Color is not documented.
/home/travis/build/L0L022/SuperProjetCPP/include/Color.hpp:54: warning: Member setSaturation(const double saturation) (function) of class Color is not documented.
/home/travis/build/L0L022/SuperProjetCPP/include/Color.hpp:58: warning: Member value() const  (function) of class Color is not documented.
/home/travis/build/L0L022/SuperProjetCPP/include/Color.hpp:60: warning: Member setValue(const double value) (function) of class Color is not documented.
/home/travis/build/L0L022/SuperProjetCPP/include/Color.hpp:64: warning: Member hexa() const  (function) of class Color is not documented.
/home/travis/build/L0L022/SuperProjetCPP/include/Color.hpp:68: warning: Member setHexa(const uint32_t hexa) (function) of class Color is not documented.
/home/travis/build/L0L022/SuperProjetCPP/include/Color.hpp:72: warning: Member hexaStr() const  (function) of class Color is not documented.
/home/travis/build/L0L022/SuperProjetCPP/ez-lib/ez-draw++.cpp:3609: warning: argument 'width' of command @param is not found in the argument list of EZWindow::EZWindow(int w=320, int h=200, const char *name="")
/home/travis/build/L0L022/SuperProjetCPP/ez-lib/ez-draw++.cpp:3609: warning: argument 'height' of command @param is not found in the argument list of EZWindow::EZWindow(int w=320, int h=200, const char *name="")
/home/travis/build/L0L022/SuperProjetCPP/ez-lib/ez-draw++.cpp:3609: warning: argument 'title' of command @param is not found in the argument list of EZWindow::EZWindow(int w=320, int h=200, const char *name="")
/home/travis/build/L0L022/SuperProjetCPP/ez-lib/ez-draw++.cpp:3609: warning: The following parameters of EZWindow::EZWindow(int w=320, int h=200, const char *name="") are not documented:
  parameter 'w'
  parameter 'h'
  parameter 'name'
/home/travis/build/L0L022/SuperProjetCPP/include/GraphicsAnchor.hpp:9: warning: Member GraphicsAnchor(GraphicsItem *parent=nullptr) (function) of class GraphicsAnchor is not documented.
/home/travis/build/L0L022/SuperProjetCPP/include/GraphicsAnchor.hpp:11: warning: Member setAnchor(const Point &anchor) (function) of class GraphicsAnchor is not documented.
/home/travis/build/L0L022/SuperProjetCPP/include/GraphicsAnchor.hpp:12: warning: Member setAbsolute(const Point &pos) (function) of class GraphicsAnchor is not documented.
/home/travis/build/L0L022/SuperProjetCPP/include/GraphicsAnchor.hpp:14: warning: Member type() const  (function) of class GraphicsAnchor is not documented.
/home/travis/build/L0L022/SuperProjetCPP/include/GraphicsItem.hpp:13: warning: Member GraphicsTypes (enumeration) of class GraphicsItem is not documented.
/home/travis/build/L0L022/SuperProjetCPP/include/GraphicsItem.hpp:28: warning: Member SearchTypes (enumeration) of class GraphicsItem is not documented.
/home/travis/build/L0L022/SuperProjetCPP/include/GraphicsItem.hpp:11: warning: Member GraphicsItemList (typedef) of class GraphicsItem is not documented.
/home/travis/build/L0L022/SuperProjetCPP/include/GraphicsItem.hpp:33: warning: Member GraphicsItem(GraphicsItem *parent=nullptr) (function) of class GraphicsItem is not documented.
/home/travis/build/L0L022/SuperProjetCPP/include/GraphicsItem.hpp:37: warning: Member parent() const  (function) of class GraphicsItem is not documented.
/home/travis/build/L0L022/SuperProjetCPP/include/GraphicsItem.hpp:41: warning: Member setParent(GraphicsItem *parent) (function) of class GraphicsItem is not documented.
/home/travis/build/L0L022/SuperProjetCPP/include/GraphicsItem.hpp:43: warning: Member type() const  (function) of class GraphicsItem is not documented.
/home/travis/build/L0L022/SuperProjetCPP/include/GraphicsItem.hpp:47: warning: Member children(const GraphicsTypes filter=UndefinedType, const SearchTypes option=ChildrenRecursively) const  (function) of class GraphicsItem is not documented.
/home/travis/build/L0L022/SuperProjetCPP/include/GraphicsItem.hpp:49: warning: Member anchor() const  (function) of class GraphicsItem is not documented.
/home/travis/build/L0L022/SuperProjetCPP/include/GraphicsItem.hpp:53: warning: Member setAnchor(const Point &anchor) (function) of class GraphicsItem is not documented.
/home/travis/build/L0L022/SuperProjetCPP/include/GraphicsItem.hpp:57: warning: Member absolute() const  (function) of class GraphicsItem is not documented.
/home/travis/build/L0L022/SuperProjetCPP/include/GraphicsItem.hpp:59: warning: Member setAbsolute(const Point &pos) (function) of class GraphicsItem is not documented.
/home/travis/build/L0L022/SuperProjetCPP/include/GraphicsItem.hpp:61: warning: Member color() const  (function) of class GraphicsItem is not documented.
/home/travis/build/L0L022/SuperProjetCPP/include/GraphicsItem.hpp:65: warning: Member setColor(const Color color) (function) of class GraphicsItem is not documented.
/home/travis/build/L0L022/SuperProjetCPP/include/GraphicsItem.hpp:69: warning: Member thick() const  (function) of class GraphicsItem is not documented.
/home/travis/build/L0L022/SuperProjetCPP/include/GraphicsItem.hpp:73: warning: Member setThick(unsigned int thick=1) (function) of class GraphicsItem is not documented.
/home/travis/build/L0L022/SuperProjetCPP/include/GraphicsItem.hpp:77: warning: Member isFill() const  (function) of class GraphicsItem is not documented.
/home/travis/build/L0L022/SuperProjetCPP/include/GraphicsItem.hpp:81: warning: Member setFill(const bool fill) (function) of class GraphicsItem is not documented.
/home/travis/build/L0L022/SuperProjetCPP/include/GraphicsItem.hpp:85: warning: Member isVisible() const  (function) of class GraphicsItem is not documented.
/home/travis/build/L0L022/SuperProjetCPP/include/GraphicsItem.hpp:89: warning: Member setVisible(const bool isVisible=true) (function) of class GraphicsItem is not documented.
/home/travis/build/L0L022/SuperProjetCPP/include/GraphicsItem.hpp:93: warning: Member draw(Canvas *canvas) (function) of class GraphicsItem is not documented.
/home/travis/build/L0L022/SuperProjetCPP/include/GraphicsItem.hpp:95: warning: Member isOver(const Point &p) (function) of class GraphicsItem is not documented.
/home/travis/build/L0L022/SuperProjetCPP/include/GraphicsItem.hpp:98: warning: Member meDraw(Canvas *canvas) (function) of class GraphicsItem is not documented.
/home/travis/build/L0L022/SuperProjetCPP/include/GraphicsItem.hpp:99: warning: Member meIsOver(const Point &absoluteP) (function) of class GraphicsItem is not documented.
/home/travis/build/L0L022/SuperProjetCPP/include/GraphicsPoint.hpp:9: warning: Member GraphicsPoint(GraphicsItem *parent=nullptr) (function) of class GraphicsPoint is not documented.
/home/travis/build/L0L022/SuperProjetCPP/include/GraphicsPoint.hpp:10: warning: Member GraphicsPoint(const Point &anchor, GraphicsItem *parent=nullptr) (function) of class GraphicsPoint is not documented.
/home/travis/build/L0L022/SuperProjetCPP/include/GraphicsPoint.hpp:13: warning: Member radius() const  (function) of class GraphicsPoint is not documented.
/home/travis/build/L0L022/SuperProjetCPP/include/GraphicsPoint.hpp:18: warning: Member setRadius(unsigned int radius) (function) of class GraphicsPoint is not documented.
/home/travis/build/L0L022/SuperProjetCPP/include/GraphicsPoint.hpp:22: warning: Member type() const  (function) of class GraphicsPoint is not documented.
/home/travis/build/L0L022/SuperProjetCPP/include/GraphicsPoint.hpp:27: warning: Member meDraw(Canvas *canvas) (function) of class GraphicsPoint is not documented.
/home/travis/build/L0L022/SuperProjetCPP/include/GraphicsPoint.hpp:28: warning: Member meIsOver(const Point &absoluteP) (function) of class GraphicsPoint is not documented.
/home/travis/build/L0L022/SuperProjetCPP/include/GraphicsRectangle.hpp:9: warning: Member GraphicsRectangle(GraphicsItem *parent=nullptr) (function) of class GraphicsRectangle is not documented.
/home/travis/build/L0L022/SuperProjetCPP/include/GraphicsRectangle.hpp:11: warning: Member topLeft() (function) of class GraphicsRectangle is not documented.
/home/travis/build/L0L022/SuperProjetCPP/include/GraphicsRectangle.hpp:15: warning: Member bottomRight() (function) of class GraphicsRectangle is not documented.
/home/travis/build/L0L022/SuperProjetCPP/include/GraphicsRectangle.hpp:19: warning: Member type() const  (function) of class GraphicsRectangle is not documented.
/home/travis/build/L0L022/SuperProjetCPP/include/GraphicsRectangle.hpp:24: warning: Member meDraw(Canvas *canvas) (function) of class GraphicsRectangle is not documented.
/home/travis/build/L0L022/SuperProjetCPP/include/GraphicsRectangle.hpp:25: warning: Member meIsOver(const Point &absoluteP) (function) of class GraphicsRectangle is not documented.
/home/travis/build/L0L022/SuperProjetCPP/include/GraphicsText.hpp:9: warning: Member GraphicsText(GraphicsItem *parent=nullptr) (function) of class GraphicsText is not documented.
/home/travis/build/L0L022/SuperProjetCPP/include/GraphicsText.hpp:10: warning: Member GraphicsText(const std::string &text, GraphicsItem *parent=nullptr) (function) of class GraphicsText is not documented.
/home/travis/build/L0L022/SuperProjetCPP/include/GraphicsText.hpp:12: warning: Member text() const  (function) of class GraphicsText is not documented.
/home/travis/build/L0L022/SuperProjetCPP/include/GraphicsText.hpp:16: warning: Member setText(const std::string &text="") (function) of class GraphicsText is not documented.
/home/travis/build/L0L022/SuperProjetCPP/include/GraphicsText.hpp:20: warning: Member align() const  (function) of class GraphicsText is not documented.
/home/travis/build/L0L022/SuperProjetCPP/include/GraphicsText.hpp:24: warning: Member setAlign(const EZAlign align=EZAlign::TL) (function) of class GraphicsText is not documented.
/home/travis/build/L0L022/SuperProjetCPP/include/GraphicsText.hpp:28: warning: Member type() const  (function) of class GraphicsText is not documented.
/home/travis/build/L0L022/SuperProjetCPP/include/GraphicsText.hpp:33: warning: Member meDraw(Canvas *canvas) (function) of class GraphicsText is not documented.
/home/travis/build/L0L022/SuperProjetCPP/include/GraphicsText.hpp:34: warning: Member meIsOver(const Point &absoluteP) (function) of class GraphicsText is not documented.
/home/travis/build/L0L022/SuperProjetCPP/include/Point.hpp:73: warning: argument 'x' of command @param is not found in the argument list of Point::x()
/home/travis/build/L0L022/SuperProjetCPP/include/Point.hpp:82: warning: argument 'y' of command @param is not found in the argument list of Point::y()
enerating disk names...
Adding source references...
Adding xrefitems...
Sorting member lists...
Generating citations page...
Counting data structures...
Resolving user defined references...
Finding anchors and sections in the documentation...
Combining using relations...
Adding members to index pages...
Generating style sheet...
Generating search indices...
Generating example documentation...
Generating file sources...
Generating code for file /home/travis/build/L0L022/SuperProjetCPP/ez-lib/ez-draw++.hpp...
Generating code for file /home/travis/build/L0L022/SuperProjetCPP/include/Canvas.hpp...
Generating code for file /home/travis/build/L0L022/SuperProjetCPP/include/Color.hpp...
Generating code for file /home/travis/build/L0L022/SuperProjetCPP/include/GraphicsAnchor.hpp...
Generating code for file /home/travis/build/L0L022/SuperProjetCPP/include/GraphicsItem.hpp...
Generating code for file /home/travis/build/L0L022/SuperProjetCPP/include/GraphicsPoint.hpp...
Generating code for file /home/travis/build/L0L022/SuperProjetCPP/include/GraphicsRectangle.hpp...
Generating code for file /home/travis/build/L0L022/SuperProjetCPP/include/GraphicsText.hpp...
Generating code for file /home/travis/build/L0L022/SuperProjetCPP/include/Point.hpp...
Generating code for file /home/travis/build/L0L022/SuperProjetCPP/include/Window.hpp...
Generating file documentation...
Generating docs for file /home/travis/build/L0L022/SuperProjetCPP/ez-lib/ez-draw++.hpp...
Generating docs for file /home/travis/build/L0L022/SuperProjetCPP/include/Point.hpp...
Generating page documentation...
Generating group documentation...
Generating class documentation...
Generating docs for compound Canvas...
Generating docs for compound Color...
Generating docs for compound EZDraw...
Generating docs for compound EZEvent...
Generating docs for compound EZPixel...
Generating docs for compound EZWindow...
Generating docs for compound final...
Generating docs for compound GraphicsAnchor...
Generating docs for compound GraphicsItem...
Generating docs for compound GraphicsPoint...
Generating docs for compound GraphicsRectangle...
Generating docs for compound GraphicsText...
Generating docs for compound Point...
Generating docs for compound Window...
Generating namespace index...
Generating graph info page...
Generating index page...
Generating page index...
Generating module index...
Generating namespace index...
Generating namespace member index...
Generating annotated compound index...
Generating alphabetical compound index...
Generating hierarchical class index...
Generating graphical class hierarchy...
Generating member index...
Generating file index...
Generating file member index...
Generating example index...
finalizing index lists...
Generating dot graphs using 33 parallel threads...
Running dot for graph 1/26
Running dot for graph 2/26
Running dot for graph 3/26
Running dot for graph 4/26
Running dot for graph 5/26
Running dot for graph 6/26
Running dot for graph 7/26
Running dot for graph 8/26
Running dot for graph 9/26
Running dot for graph 10/26
Running dot for graph 11/26
Running dot for graph 12/26
Running dot for graph 13/26
Running dot for graph 14/26
Running dot for graph 15/26
Running dot for graph 16/26
Running dot for graph 17/26
Running dot for graph 18/26
Running dot for graph 19/26
Running dot for graph 20/26
Running dot for graph 21/26
Running dot for graph 22/26
Running dot for graph 23/26
Running dot for graph 24/26
Running dot for graph 25/26
Running dot for graph 26/26
Patching output file 1/10
Patching output file 2/10
Patching output file 3/10
Patching output file 4/10
Patching output file 5/10
Patching output file 6/10
Patching output file 7/10
Patching output file 8/10
Patching output file 9/10
Patching output file 10/10
symbol cache used 760/65536 hits=34174 misses=760
lookup cache used 665/65536 hits=2848 misses=673
finished...
